C:\USERS\Антон\DOCUMENTS\VISUAL STUDIO 2012\PROJECTS\ANTIPACMAN — копия\ANTIPACMAN\DEBUG\MAIN.OBJ
C:\USERS\АНТОН\DOCUMENTS\VISUAL STUDIO 2012\PROJECTS\ANTIPACMAN — КОПИЯ\ANTIPACMAN\DEBUG\VC110.PDB
C:\USERS\Антон\DOCUMENTS\VISUAL STUDIO 2012\PROJECTS\ANTIPACMAN — копия\ANTIPACMAN\DEBUG\GHOST.OBJ
C:\USERS\Антон\DOCUMENTS\VISUAL STUDIO 2012\PROJECTS\ANTIPACMAN — копия\ANTIPACMAN\DEBUG\CONTROLMANAGER.OBJ
C:\USERS\Антон\DOCUMENTS\VISUAL STUDIO 2012\PROJECTS\ANTIPACMAN — копия\ANTIPACMAN\DEBUG\CONTROLKEYBOARD.OBJ
C:\USERS\Антон\DOCUMENTS\VISUAL STUDIO 2012\PROJECTS\ANTIPACMAN — копия\ANTIPACMAN\DEBUG\SCENE.OBJ
C:\USERS\Антон\DOCUMENTS\VISUAL STUDIO 2012\PROJECTS\ANTIPACMAN — копия\ANTIPACMAN\DEBUG\PACMAN.OBJ
C:\USERS\Антон\DOCUMENTS\VISUAL STUDIO 2012\PROJECTS\ANTIPACMAN — копия\ANTIPACMAN\DEBUG\TEXTWRITER.OBJ
C:\USERS\Антон\DOCUMENTS\VISUAL STUDIO 2012\PROJECTS\ANTIPACMAN — копия\DEBUG\ANTIPACMAN.ILK
C:\USERS\Антон\DOCUMENTS\VISUAL STUDIO 2012\PROJECTS\ANTIPACMAN — копия\DEBUG\ANTIPACMAN.EXE
C:\USERS\АНТОН\DOCUMENTS\VISUAL STUDIO 2012\PROJECTS\ANTIPACMAN — КОПИЯ\DEBUG\ANTIPACMAN.PDB
C:\USERS\Антон\DOCUMENTS\VISUAL STUDIO 2012\PROJECTS\ANTIPACMAN — копия\ANTIPACMAN\DEBUG\ANTIPACMAN.RES
C:\Users\Антон\Documents\Visual Studio 2012\Projects\AntiPacman — копия\AntiPacman\Debug\ControlKeyboard.obj
C:\Users\Антон\Documents\Visual Studio 2012\Projects\AntiPacman — копия\AntiPacman\Debug\ControlManager.obj
C:\Users\Антон\Documents\Visual Studio 2012\Projects\AntiPacman — копия\AntiPacman\Debug\Ghost.obj
C:\Users\Антон\Documents\Visual Studio 2012\Projects\AntiPacman — копия\AntiPacman\Debug\main.obj
C:\Users\Антон\Documents\Visual Studio 2012\Projects\AntiPacman — копия\AntiPacman\Debug\Pacman.obj
C:\Users\Антон\Documents\Visual Studio 2012\Projects\AntiPacman — копия\AntiPacman\Debug\Scene.obj
C:\Users\Антон\Documents\Visual Studio 2012\Projects\AntiPacman — копия\AntiPacman\Debug\TextWriter.obj
C:\Users\Антон\Documents\Visual Studio 2012\Projects\AntiPacman — копия\AntiPacman\Debug\cl.command.1.tlog
C:\Users\Антон\Documents\Visual Studio 2012\Projects\AntiPacman — копия\AntiPacman\Debug\CL.read.1.tlog
C:\Users\Антон\Documents\Visual Studio 2012\Projects\AntiPacman — копия\AntiPacman\Debug\CL.write.1.tlog
C:\Users\Антон\Documents\Visual Studio 2012\Projects\AntiPacman — копия\AntiPacman\Debug\link-cvtres.read.1.tlog
C:\Users\Антон\Documents\Visual Studio 2012\Projects\AntiPacman — копия\AntiPacman\Debug\link-cvtres.write.1.tlog
C:\Users\Антон\Documents\Visual Studio 2012\Projects\AntiPacman — копия\AntiPacman\Debug\link-rc.read.1.tlog
C:\Users\Антон\Documents\Visual Studio 2012\Projects\AntiPacman — копия\AntiPacman\Debug\link-rc.write.1.tlog
C:\Users\Антон\Documents\Visual Studio 2012\Projects\AntiPacman — копия\AntiPacman\Debug\link.17312-cvtres.read.1.tlog
C:\Users\Антон\Documents\Visual Studio 2012\Projects\AntiPacman — копия\AntiPacman\Debug\link.17312-cvtres.write.1.tlog
C:\Users\Антон\Documents\Visual Studio 2012\Projects\AntiPacman — копия\AntiPacman\Debug\link.17312-rc.read.1.tlog
C:\Users\Антон\Documents\Visual Studio 2012\Projects\AntiPacman — копия\AntiPacman\Debug\link.17312-rc.write.1.tlog
C:\Users\Антон\Documents\Visual Studio 2012\Projects\AntiPacman — копия\AntiPacman\Debug\link.17312.read.1.tlog
C:\Users\Антон\Documents\Visual Studio 2012\Projects\AntiPacman — копия\AntiPacman\Debug\link.17312.write.1.tlog
C:\Users\Антон\Documents\Visual Studio 2012\Projects\AntiPacman — копия\AntiPacman\Debug\link.2372-cvtres.read.1.tlog
C:\Users\Антон\Documents\Visual Studio 2012\Projects\AntiPacman — копия\AntiPacman\Debug\link.2372-cvtres.write.1.tlog
C:\Users\Антон\Documents\Visual Studio 2012\Projects\AntiPacman — копия\AntiPacman\Debug\link.2372-rc.read.1.tlog
C:\Users\Антон\Documents\Visual Studio 2012\Projects\AntiPacman — копия\AntiPacman\Debug\link.2372-rc.write.1.tlog
C:\Users\Антон\Documents\Visual Studio 2012\Projects\AntiPacman — копия\AntiPacman\Debug\link.2372.read.1.tlog
C:\Users\Антон\Documents\Visual Studio 2012\Projects\AntiPacman — копия\AntiPacman\Debug\link.2372.write.1.tlog
C:\Users\Антон\Documents\Visual Studio 2012\Projects\AntiPacman — копия\AntiPacman\Debug\link.33944-cvtres.read.1.tlog
C:\Users\Антон\Documents\Visual Studio 2012\Projects\AntiPacman — копия\AntiPacman\Debug\link.33944-cvtres.write.1.tlog
C:\Users\Антон\Documents\Visual Studio 2012\Projects\AntiPacman — копия\AntiPacman\Debug\link.33944-rc.read.1.tlog
C:\Users\Антон\Documents\Visual Studio 2012\Projects\AntiPacman — копия\AntiPacman\Debug\link.33944-rc.write.1.tlog
C:\Users\Антон\Documents\Visual Studio 2012\Projects\AntiPacman — копия\AntiPacman\Debug\link.33944.read.1.tlog
C:\Users\Антон\Documents\Visual Studio 2012\Projects\AntiPacman — копия\AntiPacman\Debug\link.33944.write.1.tlog
C:\Users\Антон\Documents\Visual Studio 2012\Projects\AntiPacman — копия\AntiPacman\Debug\link.37176-cvtres.read.1.tlog
C:\Users\Антон\Documents\Visual Studio 2012\Projects\AntiPacman — копия\AntiPacman\Debug\link.37176-cvtres.write.1.tlog
C:\Users\Антон\Documents\Visual Studio 2012\Projects\AntiPacman — копия\AntiPacman\Debug\link.37176-rc.read.1.tlog
C:\Users\Антон\Documents\Visual Studio 2012\Projects\AntiPacman — копия\AntiPacman\Debug\link.37176-rc.write.1.tlog
C:\Users\Антон\Documents\Visual Studio 2012\Projects\AntiPacman — копия\AntiPacman\Debug\link.37176.read.1.tlog
C:\Users\Антон\Documents\Visual Studio 2012\Projects\AntiPacman — копия\AntiPacman\Debug\link.37176.write.1.tlog
C:\Users\Антон\Documents\Visual Studio 2012\Projects\AntiPacman — копия\AntiPacman\Debug\link.3740-cvtres.read.1.tlog
C:\Users\Антон\Documents\Visual Studio 2012\Projects\AntiPacman — копия\AntiPacman\Debug\link.3740-cvtres.write.1.tlog
C:\Users\Антон\Documents\Visual Studio 2012\Projects\AntiPacman — копия\AntiPacman\Debug\link.3740-rc.read.1.tlog
C:\Users\Антон\Documents\Visual Studio 2012\Projects\AntiPacman — копия\AntiPacman\Debug\link.3740-rc.write.1.tlog
C:\Users\Антон\Documents\Visual Studio 2012\Projects\AntiPacman — копия\AntiPacman\Debug\link.3740.read.1.tlog
C:\Users\Антон\Documents\Visual Studio 2012\Projects\AntiPacman — копия\AntiPacman\Debug\link.3740.write.1.tlog
C:\Users\Антон\Documents\Visual Studio 2012\Projects\AntiPacman — копия\AntiPacman\Debug\link.37780-cvtres.read.1.tlog
C:\Users\Антон\Documents\Visual Studio 2012\Projects\AntiPacman — копия\AntiPacman\Debug\link.37780-cvtres.write.1.tlog
C:\Users\Антон\Documents\Visual Studio 2012\Projects\AntiPacman — копия\AntiPacman\Debug\link.37780-rc.read.1.tlog
C:\Users\Антон\Documents\Visual Studio 2012\Projects\AntiPacman — копия\AntiPacman\Debug\link.37780-rc.write.1.tlog
C:\Users\Антон\Documents\Visual Studio 2012\Projects\AntiPacman — копия\AntiPacman\Debug\link.37780.read.1.tlog
C:\Users\Антон\Documents\Visual Studio 2012\Projects\AntiPacman — копия\AntiPacman\Debug\link.37780.write.1.tlog
C:\Users\Антон\Documents\Visual Studio 2012\Projects\AntiPacman — копия\AntiPacman\Debug\link.37840-cvtres.read.1.tlog
C:\Users\Антон\Documents\Visual Studio 2012\Projects\AntiPacman — копия\AntiPacman\Debug\link.37840-cvtres.write.1.tlog
C:\Users\Антон\Documents\Visual Studio 2012\Projects\AntiPacman — копия\AntiPacman\Debug\link.37840-rc.read.1.tlog
C:\Users\Антон\Documents\Visual Studio 2012\Projects\AntiPacman — копия\AntiPacman\Debug\link.37840-rc.write.1.tlog
C:\Users\Антон\Documents\Visual Studio 2012\Projects\AntiPacman — копия\AntiPacman\Debug\link.37840.read.1.tlog
C:\Users\Антон\Documents\Visual Studio 2012\Projects\AntiPacman — копия\AntiPacman\Debug\link.37840.write.1.tlog
C:\Users\Антон\Documents\Visual Studio 2012\Projects\AntiPacman — копия\AntiPacman\Debug\link.38376-cvtres.read.1.tlog
C:\Users\Антон\Documents\Visual Studio 2012\Projects\AntiPacman — копия\AntiPacman\Debug\link.38376-cvtres.write.1.tlog
C:\Users\Антон\Documents\Visual Studio 2012\Projects\AntiPacman — копия\AntiPacman\Debug\link.38376-rc.read.1.tlog
C:\Users\Антон\Documents\Visual Studio 2012\Projects\AntiPacman — копия\AntiPacman\Debug\link.38376-rc.write.1.tlog
C:\Users\Антон\Documents\Visual Studio 2012\Projects\AntiPacman — копия\AntiPacman\Debug\link.38376.read.1.tlog
C:\Users\Антон\Documents\Visual Studio 2012\Projects\AntiPacman — копия\AntiPacman\Debug\link.38376.write.1.tlog
C:\Users\Антон\Documents\Visual Studio 2012\Projects\AntiPacman — копия\AntiPacman\Debug\link.38392-cvtres.read.1.tlog
C:\Users\Антон\Documents\Visual Studio 2012\Projects\AntiPacman — копия\AntiPacman\Debug\link.38392-cvtres.write.1.tlog
C:\Users\Антон\Documents\Visual Studio 2012\Projects\AntiPacman — копия\AntiPacman\Debug\link.38392-rc.read.1.tlog
C:\Users\Антон\Documents\Visual Studio 2012\Projects\AntiPacman — копия\AntiPacman\Debug\link.38392-rc.write.1.tlog
C:\Users\Антон\Documents\Visual Studio 2012\Projects\AntiPacman — копия\AntiPacman\Debug\link.38392.read.1.tlog
C:\Users\Антон\Documents\Visual Studio 2012\Projects\AntiPacman — копия\AntiPacman\Debug\link.38392.write.1.tlog
C:\Users\Антон\Documents\Visual Studio 2012\Projects\AntiPacman — копия\AntiPacman\Debug\link.38540-cvtres.read.1.tlog
C:\Users\Антон\Documents\Visual Studio 2012\Projects\AntiPacman — копия\AntiPacman\Debug\link.38540-cvtres.write.1.tlog
C:\Users\Антон\Documents\Visual Studio 2012\Projects\AntiPacman — копия\AntiPacman\Debug\link.38540-rc.read.1.tlog
C:\Users\Антон\Documents\Visual Studio 2012\Projects\AntiPacman — копия\AntiPacman\Debug\link.38540-rc.write.1.tlog
C:\Users\Антон\Documents\Visual Studio 2012\Projects\AntiPacman — копия\AntiPacman\Debug\link.38540.read.1.tlog
C:\Users\Антон\Documents\Visual Studio 2012\Projects\AntiPacman — копия\AntiPacman\Debug\link.38540.write.1.tlog
C:\Users\Антон\Documents\Visual Studio 2012\Projects\AntiPacman — копия\AntiPacman\Debug\link.38948-cvtres.read.1.tlog
C:\Users\Антон\Documents\Visual Studio 2012\Projects\AntiPacman — копия\AntiPacman\Debug\link.38948-cvtres.write.1.tlog
C:\Users\Антон\Documents\Visual Studio 2012\Projects\AntiPacman — копия\AntiPacman\Debug\link.38948-rc.read.1.tlog
C:\Users\Антон\Documents\Visual Studio 2012\Projects\AntiPacman — копия\AntiPacman\Debug\link.38948-rc.write.1.tlog
C:\Users\Антон\Documents\Visual Studio 2012\Projects\AntiPacman — копия\AntiPacman\Debug\link.38948.read.1.tlog
C:\Users\Антон\Documents\Visual Studio 2012\Projects\AntiPacman — копия\AntiPacman\Debug\link.38948.write.1.tlog
C:\Users\Антон\Documents\Visual Studio 2012\Projects\AntiPacman — копия\AntiPacman\Debug\link.39524-cvtres.read.1.tlog
C:\Users\Антон\Documents\Visual Studio 2012\Projects\AntiPacman — копия\AntiPacman\Debug\link.39524-cvtres.write.1.tlog
C:\Users\Антон\Documents\Visual Studio 2012\Projects\AntiPacman — копия\AntiPacman\Debug\link.39524-rc.read.1.tlog
C:\Users\Антон\Documents\Visual Studio 2012\Projects\AntiPacman — копия\AntiPacman\Debug\link.39524-rc.write.1.tlog
C:\Users\Антон\Documents\Visual Studio 2012\Projects\AntiPacman — копия\AntiPacman\Debug\link.39524.read.1.tlog
C:\Users\Антон\Documents\Visual Studio 2012\Projects\AntiPacman — копия\AntiPacman\Debug\link.39524.write.1.tlog
C:\Users\Антон\Documents\Visual Studio 2012\Projects\AntiPacman — копия\AntiPacman\Debug\link.39780-cvtres.read.1.tlog
C:\Users\Антон\Documents\Visual Studio 2012\Projects\AntiPacman — копия\AntiPacman\Debug\link.39780-cvtres.write.1.tlog
C:\Users\Антон\Documents\Visual Studio 2012\Projects\AntiPacman — копия\AntiPacman\Debug\link.39780-rc.read.1.tlog
C:\Users\Антон\Documents\Visual Studio 2012\Projects\AntiPacman — копия\AntiPacman\Debug\link.39780-rc.write.1.tlog
C:\Users\Антон\Documents\Visual Studio 2012\Projects\AntiPacman — копия\AntiPacman\Debug\link.39780.read.1.tlog
C:\Users\Антон\Documents\Visual Studio 2012\Projects\AntiPacman — копия\AntiPacman\Debug\link.39780.write.1.tlog
C:\Users\Антон\Documents\Visual Studio 2012\Projects\AntiPacman — копия\AntiPacman\Debug\link.39784-cvtres.read.1.tlog
C:\Users\Антон\Documents\Visual Studio 2012\Projects\AntiPacman — копия\AntiPacman\Debug\link.39784-cvtres.write.1.tlog
C:\Users\Антон\Documents\Visual Studio 2012\Projects\AntiPacman — копия\AntiPacman\Debug\link.39784-rc.read.1.tlog
C:\Users\Антон\Documents\Visual Studio 2012\Projects\AntiPacman — копия\AntiPacman\Debug\link.39784-rc.write.1.tlog
C:\Users\Антон\Documents\Visual Studio 2012\Projects\AntiPacman — копия\AntiPacman\Debug\link.39784.read.1.tlog
C:\Users\Антон\Documents\Visual Studio 2012\Projects\AntiPacman — копия\AntiPacman\Debug\link.39784.write.1.tlog
C:\Users\Антон\Documents\Visual Studio 2012\Projects\AntiPacman — копия\AntiPacman\Debug\link.39796-cvtres.read.1.tlog
C:\Users\Антон\Documents\Visual Studio 2012\Projects\AntiPacman — копия\AntiPacman\Debug\link.39796-cvtres.write.1.tlog
C:\Users\Антон\Documents\Visual Studio 2012\Projects\AntiPacman — копия\AntiPacman\Debug\link.39796-rc.read.1.tlog
C:\Users\Антон\Documents\Visual Studio 2012\Projects\AntiPacman — копия\AntiPacman\Debug\link.39796-rc.write.1.tlog
C:\Users\Антон\Documents\Visual Studio 2012\Projects\AntiPacman — копия\AntiPacman\Debug\link.39796.read.1.tlog
C:\Users\Антон\Documents\Visual Studio 2012\Projects\AntiPacman — копия\AntiPacman\Debug\link.39796.write.1.tlog
C:\Users\Антон\Documents\Visual Studio 2012\Projects\AntiPacman — копия\AntiPacman\Debug\link.40220-cvtres.read.1.tlog
C:\Users\Антон\Documents\Visual Studio 2012\Projects\AntiPacman — копия\AntiPacman\Debug\link.40220-cvtres.write.1.tlog
C:\Users\Антон\Documents\Visual Studio 2012\Projects\AntiPacman — копия\AntiPacman\Debug\link.40220-rc.read.1.tlog
C:\Users\Антон\Documents\Visual Studio 2012\Projects\AntiPacman — копия\AntiPacman\Debug\link.40220-rc.write.1.tlog
C:\Users\Антон\Documents\Visual Studio 2012\Projects\AntiPacman — копия\AntiPacman\Debug\link.40220.read.1.tlog
C:\Users\Антон\Documents\Visual Studio 2012\Projects\AntiPacman — копия\AntiPacman\Debug\link.40220.write.1.tlog
C:\Users\Антон\Documents\Visual Studio 2012\Projects\AntiPacman — копия\AntiPacman\Debug\link.4112-cvtres.read.1.tlog
C:\Users\Антон\Documents\Visual Studio 2012\Projects\AntiPacman — копия\AntiPacman\Debug\link.4112-cvtres.write.1.tlog
C:\Users\Антон\Documents\Visual Studio 2012\Projects\AntiPacman — копия\AntiPacman\Debug\link.4112-rc.read.1.tlog
C:\Users\Антон\Documents\Visual Studio 2012\Projects\AntiPacman — копия\AntiPacman\Debug\link.4112-rc.write.1.tlog
C:\Users\Антон\Documents\Visual Studio 2012\Projects\AntiPacman — копия\AntiPacman\Debug\link.4112.read.1.tlog
C:\Users\Антон\Documents\Visual Studio 2012\Projects\AntiPacman — копия\AntiPacman\Debug\link.4112.write.1.tlog
C:\Users\Антон\Documents\Visual Studio 2012\Projects\AntiPacman — копия\AntiPacman\Debug\link.42372-cvtres.read.1.tlog
C:\Users\Антон\Documents\Visual Studio 2012\Projects\AntiPacman — копия\AntiPacman\Debug\link.42372-cvtres.write.1.tlog
C:\Users\Антон\Documents\Visual Studio 2012\Projects\AntiPacman — копия\AntiPacman\Debug\link.42372-rc.read.1.tlog
C:\Users\Антон\Documents\Visual Studio 2012\Projects\AntiPacman — копия\AntiPacman\Debug\link.42372-rc.write.1.tlog
C:\Users\Антон\Documents\Visual Studio 2012\Projects\AntiPacman — копия\AntiPacman\Debug\link.42372.read.1.tlog
C:\Users\Антон\Documents\Visual Studio 2012\Projects\AntiPacman — копия\AntiPacman\Debug\link.42372.write.1.tlog
C:\Users\Антон\Documents\Visual Studio 2012\Projects\AntiPacman — копия\AntiPacman\Debug\link.43256-cvtres.read.1.tlog
C:\Users\Антон\Documents\Visual Studio 2012\Projects\AntiPacman — копия\AntiPacman\Debug\link.43256-cvtres.write.1.tlog
C:\Users\Антон\Documents\Visual Studio 2012\Projects\AntiPacman — копия\AntiPacman\Debug\link.43256-rc.read.1.tlog
C:\Users\Антон\Documents\Visual Studio 2012\Projects\AntiPacman — копия\AntiPacman\Debug\link.43256-rc.write.1.tlog
C:\Users\Антон\Documents\Visual Studio 2012\Projects\AntiPacman — копия\AntiPacman\Debug\link.43256.read.1.tlog
C:\Users\Антон\Documents\Visual Studio 2012\Projects\AntiPacman — копия\AntiPacman\Debug\link.43256.write.1.tlog
C:\Users\Антон\Documents\Visual Studio 2012\Projects\AntiPacman — копия\AntiPacman\Debug\link.43284-cvtres.read.1.tlog
C:\Users\Антон\Documents\Visual Studio 2012\Projects\AntiPacman — копия\AntiPacman\Debug\link.43284-cvtres.write.1.tlog
C:\Users\Антон\Documents\Visual Studio 2012\Projects\AntiPacman — копия\AntiPacman\Debug\link.43284-rc.read.1.tlog
C:\Users\Антон\Documents\Visual Studio 2012\Projects\AntiPacman — копия\AntiPacman\Debug\link.43284-rc.write.1.tlog
C:\Users\Антон\Documents\Visual Studio 2012\Projects\AntiPacman — копия\AntiPacman\Debug\link.43284.read.1.tlog
C:\Users\Антон\Documents\Visual Studio 2012\Projects\AntiPacman — копия\AntiPacman\Debug\link.43284.write.1.tlog
C:\Users\Антон\Documents\Visual Studio 2012\Projects\AntiPacman — копия\AntiPacman\Debug\link.5976-cvtres.read.1.tlog
C:\Users\Антон\Documents\Visual Studio 2012\Projects\AntiPacman — копия\AntiPacman\Debug\link.5976-cvtres.write.1.tlog
C:\Users\Антон\Documents\Visual Studio 2012\Projects\AntiPacman — копия\AntiPacman\Debug\link.5976-rc.read.1.tlog
C:\Users\Антон\Documents\Visual Studio 2012\Projects\AntiPacman — копия\AntiPacman\Debug\link.5976-rc.write.1.tlog
C:\Users\Антон\Documents\Visual Studio 2012\Projects\AntiPacman — копия\AntiPacman\Debug\link.5976.read.1.tlog
C:\Users\Антон\Documents\Visual Studio 2012\Projects\AntiPacman — копия\AntiPacman\Debug\link.5976.write.1.tlog
C:\Users\Антон\Documents\Visual Studio 2012\Projects\AntiPacman — копия\AntiPacman\Debug\link.command.1.tlog
C:\Users\Антон\Documents\Visual Studio 2012\Projects\AntiPacman — копия\AntiPacman\Debug\link.read.1.tlog
C:\Users\Антон\Documents\Visual Studio 2012\Projects\AntiPacman — копия\AntiPacman\Debug\link.write.1.tlog
C:\Users\Антон\Documents\Visual Studio 2012\Projects\AntiPacman — копия\AntiPacman\Debug\rc.command.1.tlog
C:\Users\Антон\Documents\Visual Studio 2012\Projects\AntiPacman — копия\AntiPacman\Debug\rc.read.1.tlog
C:\Users\Антон\Documents\Visual Studio 2012\Projects\AntiPacman — копия\AntiPacman\Debug\rc.write.1.tlog
C:\Users\Антон\Documents\Visual Studio 2012\Projects\AntiPacman — копия\AntiPacman\Debug\AntiPacman.res
C:\Users\Антон\Documents\Visual Studio 2012\Projects\AntiPacman — копия\AntiPacman\Debug\vc110.idb
C:\Users\Антон\Documents\Visual Studio 2012\Projects\AntiPacman — копия\AntiPacman\Debug\vc110.pdb
C:\Users\Антон\Documents\Visual Studio 2012\Projects\AntiPacman — копия\Debug\AntiPacman.pdb
C:\Users\Антон\Documents\Visual Studio 2012\Projects\AntiPacman — копия\Debug\AntiPacman.exe
C:\Users\Антон\Documents\Visual Studio 2012\Projects\AntiPacman — копия\Debug\AntiPacman.ilk
